<?xml version="1.0" encoding="UTF-8"?>
<testng-results ignored="0" total="5" passed="2" failed="2" skipped="1">
  <reporter-output>
  </reporter-output>
  <suite started-at="2025-11-14T08:38:56 IST" name="Suite" finished-at="2025-11-14T08:40:29 IST" duration-ms="93216">
    <groups>
      <group name="smoke">
        <method signature="LoginPageTest.correctIdAndPass()[pri:0, instance:SeleniumFrameWorkProject2.SeleniumPOB.LoginPageTest@1f9f6368]" name="correctIdAndPass" class="SeleniumFrameWorkProject2.SeleniumPOB.LoginPageTest"/>
      </group> <!-- smoke -->
    </groups>
    <test started-at="2025-11-14T08:38:56 IST" name="Test" finished-at="2025-11-14T08:40:29 IST" duration-ms="93216">
      <class name="SeleniumFrameWorkProject2.SeleniumPOB.Test1">
        <test-method signature="orderZaraCoat(java.util.HashMap)[pri:0, instance:SeleniumFrameWorkProject2.SeleniumPOB.Test1@798162bc]" started-at="2025-11-14T08:38:56 IST" name="orderZaraCoat" data-provider="dataContent" finished-at="2025-11-14T08:39:53 IST" duration-ms="57141" status="FAIL">
          <params>
            <param index="0">
              <value>
                <![CDATA[{id=naveenbu18@gmail.com, pass=devilFruit@123, productToBuy=ZARA COAT 3}]]>
              </value>
            </param>
          </params>
          <exception class="java.lang.AssertionError">
            <message>
              <![CDATA[expected [true] but found [false]]]>
            </message>
            <full-stacktrace>
              <![CDATA[java.lang.AssertionError: expected [true] but found [false]
at org.testng.Assert.fail(Assert.java:111)
at org.testng.Assert.failNotEquals(Assert.java:1590)
at org.testng.Assert.assertTrue(Assert.java:57)
at org.testng.Assert.assertTrue(Assert.java:67)
at SeleniumFrameWorkProject2.SeleniumPOB.Test1.orderZaraCoat(Test1.java:43)
at java.base/jdk.internal.reflect.NativeMethodAccessorImpl.invoke0(Native Method)
at java.base/jdk.internal.reflect.NativeMethodAccessorImpl.invoke(NativeMethodAccessorImpl.java:77)
at java.base/jdk.internal.reflect.DelegatingMethodAccessorImpl.invoke(DelegatingMethodAccessorImpl.java:43)
at java.base/java.lang.reflect.Method.invoke(Method.java:568)
at org.testng.internal.invokers.MethodInvocationHelper.invokeMethod(MethodInvocationHelper.java:141)
at org.testng.internal.invokers.TestInvoker.invokeMethod(TestInvoker.java:687)
at org.testng.internal.invokers.TestInvoker.invokeTestMethod(TestInvoker.java:230)
at org.testng.internal.invokers.MethodRunner.runInSequence(MethodRunner.java:63)
at org.testng.internal.invokers.TestInvoker$MethodInvocationAgent.invoke(TestInvoker.java:995)
at org.testng.internal.invokers.TestInvoker.invokeTestMethods(TestInvoker.java:203)
at org.testng.internal.invokers.TestMethodWorker.invokeTestMethods(TestMethodWorker.java:154)
at org.testng.internal.invokers.TestMethodWorker.run(TestMethodWorker.java:134)
at java.base/java.util.ArrayList.forEach(ArrayList.java:1511)
at org.testng.TestRunner.privateRun(TestRunner.java:741)
at org.testng.TestRunner.run(TestRunner.java:616)
at org.testng.SuiteRunner.runTest(SuiteRunner.java:421)
at org.testng.SuiteRunner.runSequentially(SuiteRunner.java:413)
at org.testng.SuiteRunner.privateRun(SuiteRunner.java:373)
at org.testng.SuiteRunner.run(SuiteRunner.java:312)
at org.testng.SuiteRunnerWorker.runSuite(SuiteRunnerWorker.java:52)
at org.testng.SuiteRunnerWorker.run(SuiteRunnerWorker.java:95)
at org.testng.TestNG.runSuitesSequentially(TestNG.java:1274)
at org.testng.TestNG.runSuitesLocally(TestNG.java:1208)
at org.testng.TestNG.runSuites(TestNG.java:1112)
at org.testng.TestNG.run(TestNG.java:1079)
at org.testng.remote.AbstractRemoteTestNG.run(AbstractRemoteTestNG.java:115)
at org.testng.remote.RemoteTestNG.initAndRun(RemoteTestNG.java:293)
at org.testng.remote.RemoteTestNG.main(RemoteTestNG.java:91)
]]>
            </full-stacktrace>
          </exception> <!-- java.lang.AssertionError -->
          <reporter-output>
          </reporter-output>
        </test-method> <!-- orderZaraCoat -->
        <test-method signature="orderZaraCoat(java.util.HashMap)[pri:0, instance:SeleniumFrameWorkProject2.SeleniumPOB.Test1@798162bc]" started-at="2025-11-14T08:39:53 IST" name="orderZaraCoat" data-provider="dataContent" finished-at="2025-11-14T08:40:11 IST" duration-ms="17637" status="FAIL">
          <params>
            <param index="0">
              <value>
                <![CDATA[{id=naveenbu18@gmail.com, pass=devilFruit@123, productToBuy=ADIDAS ORIGINAL}]]>
              </value>
            </param>
          </params>
          <exception class="java.lang.AssertionError">
            <message>
              <![CDATA[expected [true] but found [false]]]>
            </message>
            <full-stacktrace>
              <![CDATA[java.lang.AssertionError: expected [true] but found [false]
at org.testng.Assert.fail(Assert.java:111)
at org.testng.Assert.failNotEquals(Assert.java:1590)
at org.testng.Assert.assertTrue(Assert.java:57)
at org.testng.Assert.assertTrue(Assert.java:67)
at SeleniumFrameWorkProject2.SeleniumPOB.Test1.orderZaraCoat(Test1.java:43)
at java.base/jdk.internal.reflect.NativeMethodAccessorImpl.invoke0(Native Method)
at java.base/jdk.internal.reflect.NativeMethodAccessorImpl.invoke(NativeMethodAccessorImpl.java:77)
at java.base/jdk.internal.reflect.DelegatingMethodAccessorImpl.invoke(DelegatingMethodAccessorImpl.java:43)
at java.base/java.lang.reflect.Method.invoke(Method.java:568)
at org.testng.internal.invokers.MethodInvocationHelper.invokeMethod(MethodInvocationHelper.java:141)
at org.testng.internal.invokers.TestInvoker.invokeMethod(TestInvoker.java:687)
at org.testng.internal.invokers.TestInvoker.invokeTestMethod(TestInvoker.java:230)
at org.testng.internal.invokers.MethodRunner.runInSequence(MethodRunner.java:63)
at org.testng.internal.invokers.TestInvoker$MethodInvocationAgent.invoke(TestInvoker.java:995)
at org.testng.internal.invokers.TestInvoker.invokeTestMethods(TestInvoker.java:203)
at org.testng.internal.invokers.TestMethodWorker.invokeTestMethods(TestMethodWorker.java:154)
at org.testng.internal.invokers.TestMethodWorker.run(TestMethodWorker.java:134)
at java.base/java.util.ArrayList.forEach(ArrayList.java:1511)
at org.testng.TestRunner.privateRun(TestRunner.java:741)
at org.testng.TestRunner.run(TestRunner.java:616)
at org.testng.SuiteRunner.runTest(SuiteRunner.java:421)
at org.testng.SuiteRunner.runSequentially(SuiteRunner.java:413)
at org.testng.SuiteRunner.privateRun(SuiteRunner.java:373)
at org.testng.SuiteRunner.run(SuiteRunner.java:312)
at org.testng.SuiteRunnerWorker.runSuite(SuiteRunnerWorker.java:52)
at org.testng.SuiteRunnerWorker.run(SuiteRunnerWorker.java:95)
at org.testng.TestNG.runSuitesSequentially(TestNG.java:1274)
at org.testng.TestNG.runSuitesLocally(TestNG.java:1208)
at org.testng.TestNG.runSuites(TestNG.java:1112)
at org.testng.TestNG.run(TestNG.java:1079)
at org.testng.remote.AbstractRemoteTestNG.run(AbstractRemoteTestNG.java:115)
at org.testng.remote.RemoteTestNG.initAndRun(RemoteTestNG.java:293)
at org.testng.remote.RemoteTestNG.main(RemoteTestNG.java:91)
]]>
            </full-stacktrace>
          </exception> <!-- java.lang.AssertionError -->
          <reporter-output>
          </reporter-output>
        </test-method> <!-- orderZaraCoat -->
        <test-method signature="orderHistoryTest()[pri:0, instance:SeleniumFrameWorkProject2.SeleniumPOB.Test1@798162bc]" started-at="2025-11-14T08:40:11 IST" name="orderHistoryTest" finished-at="2025-11-14T08:40:11 IST" depends-on-methods="SeleniumFrameWorkProject2.SeleniumPOB.Test1.orderZaraCoat" duration-ms="0" status="SKIP">
          <exception class="java.lang.Throwable">
            <message>
              <![CDATA[Method SeleniumFrameWorkProject2.SeleniumPOB.Test1.orderHistoryTest() on instance SeleniumFrameWorkProject2.SeleniumPOB.Test1@798162bc depends on not successfully finished methods 
[SeleniumFrameWorkProject2.SeleniumPOB.Test1.orderZaraCoat() on instance SeleniumFrameWorkProject2.SeleniumPOB.Test1@798162bc]]]>
            </message>
            <full-stacktrace>
              <![CDATA[java.lang.Throwable: Method SeleniumFrameWorkProject2.SeleniumPOB.Test1.orderHistoryTest() on instance SeleniumFrameWorkProject2.SeleniumPOB.Test1@798162bc depends on not successfully finished methods 
[SeleniumFrameWorkProject2.SeleniumPOB.Test1.orderZaraCoat() on instance SeleniumFrameWorkProject2.SeleniumPOB.Test1@798162bc]
at org.testng.internal.invokers.TestInvoker.invokeTestMethods(TestInvoker.java:159)
at org.testng.internal.invokers.TestMethodWorker.invokeTestMethods(TestMethodWorker.java:154)
at org.testng.internal.invokers.TestMethodWorker.run(TestMethodWorker.java:134)
at java.base/java.util.ArrayList.forEach(ArrayList.java:1511)
at org.testng.TestRunner.privateRun(TestRunner.java:741)
at org.testng.TestRunner.run(TestRunner.java:616)
at org.testng.SuiteRunner.runTest(SuiteRunner.java:421)
at org.testng.SuiteRunner.runSequentially(SuiteRunner.java:413)
at org.testng.SuiteRunner.privateRun(SuiteRunner.java:373)
at org.testng.SuiteRunner.run(SuiteRunner.java:312)
at org.testng.SuiteRunnerWorker.runSuite(SuiteRunnerWorker.java:52)
at org.testng.SuiteRunnerWorker.run(SuiteRunnerWorker.java:95)
at org.testng.TestNG.runSuitesSequentially(TestNG.java:1274)
at org.testng.TestNG.runSuitesLocally(TestNG.java:1208)
at org.testng.TestNG.runSuites(TestNG.java:1112)
at org.testng.TestNG.run(TestNG.java:1079)
at org.testng.remote.AbstractRemoteTestNG.run(AbstractRemoteTestNG.java:115)
at org.testng.remote.RemoteTestNG.initAndRun(RemoteTestNG.java:293)
at org.testng.remote.RemoteTestNG.main(RemoteTestNG.java:91)
]]>
            </full-stacktrace>
          </exception> <!-- java.lang.Throwable -->
          <reporter-output>
          </reporter-output>
        </test-method> <!-- orderHistoryTest -->
      </class> <!-- SeleniumFrameWorkProject2.SeleniumPOB.Test1 -->
      <class name="SeleniumFrameWorkProject2.SeleniumPOB.LoginPageTest">
        <test-method signature="IncorrectIdAndPass()[pri:0, instance:SeleniumFrameWorkProject2.SeleniumPOB.LoginPageTest@1f9f6368]" started-at="2025-11-14T08:40:11 IST" name="IncorrectIdAndPass" finished-at="2025-11-14T08:40:19 IST" duration-ms="8076" status="PASS">
          <reporter-output>
          </reporter-output>
        </test-method> <!-- IncorrectIdAndPass -->
        <test-method signature="correctIdAndPass()[pri:0, instance:SeleniumFrameWorkProject2.SeleniumPOB.LoginPageTest@1f9f6368]" started-at="2025-11-14T08:40:19 IST" name="correctIdAndPass" finished-at="2025-11-14T08:40:29 IST" duration-ms="9689" status="PASS">
          <reporter-output>
          </reporter-output>
        </test-method> <!-- correctIdAndPass -->
      </class> <!-- SeleniumFrameWorkProject2.SeleniumPOB.LoginPageTest -->
    </test> <!-- Test -->
  </suite> <!-- Suite -->
</testng-results>
