<?xml version="1.0" encoding="UTF-8"?>
<!-- Generated by org.testng.reporters.JUnitReportReporter -->
<testsuite hostname="INLEN8520064917" failures="0" tests="2" name="SeleniumFrameWorkProject2.SeleniumPOB.LoginPageTest" time="17.765" errors="0" timestamp="2025-11-14T08:40:31 IST" skipped="0">
  <testcase classname="SeleniumFrameWorkProject2.SeleniumPOB.LoginPageTest" name="correctIdAndPass" time="9.689"/>
  <testcase classname="SeleniumFrameWorkProject2.SeleniumPOB.LoginPageTest" name="IncorrectIdAndPass" time="8.076"/>
</testsuite> <!-- SeleniumFrameWorkProject2.SeleniumPOB.LoginPageTest -->
