<?xml version="1.0" encoding="UTF-8"?>
<!-- Generated by org.testng.reporters.JUnitXMLReporter -->
<testsuite ignored="0" hostname="INLEN8520064917" failures="2" tests="5" name="Test" time="93.216" errors="0" timestamp="2025-11-14T08:40:30 IST">
  <testcase classname="SeleniumFrameWorkProject2.SeleniumPOB.Test1" name="orderZaraCoat" time="57.141">
    <failure type="java.lang.AssertionError" message="expected [true] but found [false]">
      <![CDATA[java.lang.AssertionError: expected [true] but found [false]
at SeleniumFrameWorkProject2.SeleniumPOB.Test1.orderZaraCoat(Test1.java:43)
at java.base/java.util.ArrayList.forEach(ArrayList.java:1511)
... Removed 31 stack frames]]>
    </failure>
  </testcase> <!-- orderZaraCoat -->
  <testcase classname="SeleniumFrameWorkProject2.SeleniumPOB.Test1" name="orderZaraCoat" time="17.637">
    <failure type="java.lang.AssertionError" message="expected [true] but found [false]">
      <![CDATA[java.lang.AssertionError: expected [true] but found [false]
at SeleniumFrameWorkProject2.SeleniumPOB.Test1.orderZaraCoat(Test1.java:43)
at java.base/java.util.ArrayList.forEach(ArrayList.java:1511)
... Removed 31 stack frames]]>
    </failure>
  </testcase> <!-- orderZaraCoat -->
  <testcase classname="SeleniumFrameWorkProject2.SeleniumPOB.Test1" name="orderHistoryTest" time="0.0">
    <skipped/>
  </testcase> <!-- orderHistoryTest -->
  <testcase classname="SeleniumFrameWorkProject2.SeleniumPOB.LoginPageTest" name="IncorrectIdAndPass" time="8.076"/>
  <testcase classname="SeleniumFrameWorkProject2.SeleniumPOB.LoginPageTest" name="correctIdAndPass" time="9.689"/>
</testsuite> <!-- Test -->
